{"level":"error","message":""}
{"level":"error","message":"2019-04-25T11:26:04.460Z\nCode: EOnyUrk82@svr_ZaIOk@Error\nLogin User: \nError Message: 故意のエラー"}
{"level":"error","message":"2019-04-25T11:40:15.573Z\nCode: EOnyUrk82@svr_ZaIOk@Error\nLogin User: \nMessage: CSRF: Invalid Token"}
{"level":"error","message":"2019-04-25T11:40:40.411Z\nCode: EOnyUrk82@svr_ZaIOk@Error\nLogin User: \nMessage: CSRF: Invalid Token"}
{"level":"error","message":"2019-04-25T11:43:07.993Z\nCode: EOnyUrk82@svr_ZaIOk@Error\nLogin User: \nMessage: CSRF: Invalid Token"}
{"level":"error","message":"2019-04-25T11:46:44.523Z\nCode: EOnyUrk82@svr_ZaIOk@Error\nLogin User: \nMessage: CSRF: Invalid Token"}
{"level":"error","message":"2019-04-25T11:52:26.013Z\nCode: EOnyUrk82@svr_ZaIOk@Error\nLogin User: \nMessage: CSRF: Invalid Token"}
{"level":"error","message":"2019-04-25T11:57:31.584Z\nCode: EOnyUrk82@svr_ZaIOk@fi1EoNmKH\nLogin User: \nMessage: "}
{"level":"error","message":"2019-04-25T12:00:33.910Z\nCode: EOnyUrk82@svr_ZaIOk@fi1EoNmKH\nLogin User: \nMessage: "}
{"level":"error","message":"2019-04-25T12:05:29.973Z\nCode: EOnyUrk82@svr_ZaIOk@2R5M5lNLA\nLogin User: \nMessage: "}
{"level":"error","message":"2019-04-26T09:23:28.814Z\nCode: DvfCyR-SZ@IXNCfSRLy@Error\nLogin User: \nMessage: CSRF: Invalid Token"}
{"level":"error","message":"2019-04-29T12:39:46.729Z\nCode: DvfCyR-SZ@IXNCfSRLy@eex48Zjee\nLogin User: \nMessage: "}
{"level":"error","message":"2019-04-29T12:39:50.601Z\nCode: DvfCyR-SZ@IXNCfSRLy@eex48Zjee\nLogin User: \nMessage: "}
{"level":"error","message":"2019-04-30T08:01:16.328Z\nCode: EOnyUrk82@svr_ZaIOk@2R5M5lNLA\nLogin User: \nMessage: "}
{"level":"error","message":"2019-04-30T08:04:14.631Z\nCode: EOnyUrk82@svr_ZaIOk@2R5M5lNLA\nLogin User: \nMessage: "}
{"level":"error","message":"2019-04-30T08:39:21.737Z\nCode: EOnyUrk82@svr_ZaIOk@2R5M5lNLA\nLogin User: \nMessage: "}
{"level":"error","message":"2019-04-30T09:30:51.435Z\nCode: EOnyUrk82@svr_ZaIOk@2R5M5lNLA\nLogin User: \nMessage: "}
{"level":"error","message":"2019-05-01T06:56:11.231Z\nCode: EOnyUrk82@CuQ669oqC@XIn-aRGHD\nLogin User: \nMessage: "}
{"level":"error","message":"2019-05-01T06:56:54.236Z\nCode: EOnyUrk82@CuQ669oqC@XIn-aRGHD\nLogin User: \nMessage: "}
{"level":"error","message":"2019-05-01T07:02:45.774Z\nCode: EOnyUrk82@CuQ669oqC@XIn-aRGHD\nLogin User: \nMessage: "}
{"level":"error","message":"2019-05-01T07:03:42.926Z\nCode: EOnyUrk82@CuQ669oqC@XIn-aRGHD\nLogin User: \nMessage: "}
{"level":"error","message":"2019-05-01T07:04:38.719Z\nCode: EOnyUrk82@CuQ669oqC@XIn-aRGHD\nLogin User: \nMessage: "}
{"level":"error","message":"2019-05-01T07:05:46.219Z\nCode: EOnyUrk82@CuQ669oqC@XIn-aRGHD\nLogin User: \nMessage: "}
{"level":"error","message":"2019-05-01T07:07:51.867Z\nCode: EOnyUrk82@CuQ669oqC@XIn-aRGHD\nLogin User: \nMessage: "}
{"level":"error","message":"2019-05-01T07:20:39.845Z\nCode: EOnyUrk82@CuQ669oqC@XIn-aRGHD\nLogin User: \nMessage: "}
{"level":"error","message":"2019-05-01T07:24:00.600Z\nCode: EOnyUrk82@CuQ669oqC@XIn-aRGHD\nLogin User: \nMessage: "}
{"level":"error","message":"2019-05-01T07:27:34.736Z\nCode: EOnyUrk82@CuQ669oqC@XIn-aRGHD\nLogin User: \nMessage: "}
{"level":"error","message":"2019-05-01T07:30:43.824Z\nCode: EOnyUrk82@CuQ669oqC@XIn-aRGHD\nLogin User: \nMessage: "}
{"level":"error","message":"2019-05-01T07:31:26.212Z\nCode: EOnyUrk82@CuQ669oqC@XIn-aRGHD\nLogin User: \nMessage: "}
{"level":"error","message":"2019-05-02T06:53:42.676Z\nCode: DvfCyR-SZ@IXNCfSRLy@Error\nLogin User: \nMessage: emailSecret is not defined"}
{"level":"error","message":"2019-05-02T06:53:42.754Z\nCode: DvfCyR-SZ@IXNCfSRLy@Error\nLogin User: \nMessage: emailSecret is not defined"}
{"level":"error","message":"2019-05-02T06:53:46.586Z\nCode: DvfCyR-SZ@IXNCfSRLy@Error\nLogin User: \nMessage: emailSecret is not defined"}
